objc[9307]: Class AXEmojiUtilities is implemented in both /Applications/Xcode.app/Contents/Developer/Platforms/iPhoneSimulator.platform/Developer/SDKs/iPhoneSimulator7.0.sdk/System/Library/PrivateFrameworks/AccessibilityUtilities.framework/AccessibilityUtilities and /Applications/Xcode.app/Contents/Developer/Platforms/iPhoneSimulator.platform/Developer/SDKs/iPhoneSimulator7.0.sdk/usr/lib/libAXSpeechManager.dylib. One of the two will be used. Which one is undefined.
2014-06-01 19:40:49.608 HelloCordova[9307:80b] Cannot find executable for CFBundle 0xbe57d30 </Applications/Xcode.app/Contents/Developer/Platforms/iPhoneSimulator.platform/Developer/SDKs/iPhoneSimulator7.0.sdk/System/Library/AccessibilityBundles/CertUIFramework.axbundle> (not loaded)
2014-06-01 19:40:49.654 HelloCordova[9307:80b] Cannot find executable for CFBundle 0xbf763f0 </Applications/Xcode.app/Contents/Developer/Platforms/iPhoneSimulator.platform/Developer/SDKs/iPhoneSimulator7.0.sdk/System/Library/AccessibilityBundles/MusicLibrary.axbundle> (not loaded)
2014-06-01 19:40:49.660 HelloCordova[9307:80b] Cannot find executable for CFBundle 0xc264dc0 </Applications/Xcode.app/Contents/Developer/Platforms/iPhoneSimulator.platform/Developer/SDKs/iPhoneSimulator7.0.sdk/System/Library/AccessibilityBundles/GeoServices.axbundle> (not loaded)
2014-06-01 19:40:49.727 HelloCordova[9307:80b] Multi-tasking -> Device: YES, App: YES
2014-06-01 19:40:49.750 HelloCordova[9307:80b] Unlimited access to network resources
2014-06-01 19:40:50.014 HelloCordova[9307:80b] CDVPlugin class CDVStatusBar (pluginName: statusbar) does not exist.
2014-06-01 19:40:50.015 HelloCordova[9307:80b] [CDVTimer][statusbar] 0.519037ms
2014-06-01 19:40:50.015 HelloCordova[9307:80b] [CDVTimer][TotalPluginStartup] 0.899971ms
2014-06-01 19:40:50.189 HelloCordova[9307:80b] Resetting plugins due to page load.
2014-06-01 19:40:50.604 HelloCordova[9307:80b] Finished load of: file:///Users/roy/Library/Application%20Support/iPhone%20Simulator/7.0.3/Applications/55372B4B-582B-4A1C-9F2B-896F234BB81C/HelloCordova.app/www/index.html#/aboutCompany/company
2014-06-01 19:40:52.770 HelloCordova[9307:80b] THREAD WARNING: ['NetworkStatus'] took '2095.520020' ms. Plugin should use a background thread.
2014-06-01 19:42:24.963 HelloCordova[9307:80b] THREAD WARNING: ['EmailComposer'] took '21.893066' ms. Plugin should use a background thread.
objc[10022]: Class AXEmojiUtilities is implemented in both /Applications/Xcode.app/Contents/Developer/Platforms/iPhoneSimulator.platform/Developer/SDKs/iPhoneSimulator7.0.sdk/System/Library/PrivateFrameworks/AccessibilityUtilities.framework/AccessibilityUtilities and /Applications/Xcode.app/Contents/Developer/Platforms/iPhoneSimulator.platform/Developer/SDKs/iPhoneSimulator7.0.sdk/usr/lib/libAXSpeechManager.dylib. One of the two will be used. Which one is undefined.
2014-06-01 19:56:12.884 HelloCordova[10022:80b] Cannot find executable for CFBundle 0xbb8a0d0 </Applications/Xcode.app/Contents/Developer/Platforms/iPhoneSimulator.platform/Developer/SDKs/iPhoneSimulator7.0.sdk/System/Library/AccessibilityBundles/GeoServices.axbundle> (not loaded)
2014-06-01 19:56:12.909 HelloCordova[10022:80b] Cannot find executable for CFBundle 0xc07c940 </Applications/Xcode.app/Contents/Developer/Platforms/iPhoneSimulator.platform/Developer/SDKs/iPhoneSimulator7.0.sdk/System/Library/AccessibilityBundles/CertUIFramework.axbundle> (not loaded)
2014-06-01 19:56:12.913 HelloCordova[10022:80b] Cannot find executable for CFBundle 0xc2a97a0 </Applications/Xcode.app/Contents/Developer/Platforms/iPhoneSimulator.platform/Developer/SDKs/iPhoneSimulator7.0.sdk/System/Library/AccessibilityBundles/MusicLibrary.axbundle> (not loaded)
2014-06-01 19:56:12.963 HelloCordova[10022:80b] Multi-tasking -> Device: YES, App: YES
2014-06-01 19:56:12.985 HelloCordova[10022:80b] Unlimited access to network resources
2014-06-01 19:56:13.092 HelloCordova[10022:80b] CDVPlugin class CDVStatusBar (pluginName: statusbar) does not exist.
2014-06-01 19:56:13.092 HelloCordova[10022:80b] [CDVTimer][statusbar] 0.542998ms
2014-06-01 19:56:13.092 HelloCordova[10022:80b] [CDVTimer][TotalPluginStartup] 0.964999ms
2014-06-01 19:56:13.284 HelloCordova[10022:80b] Resetting plugins due to page load.
2014-06-01 19:56:13.817 HelloCordova[10022:80b] Finished load of: file:///Users/roy/Library/Application%20Support/iPhone%20Simulator/7.0.3/Applications/55372B4B-582B-4A1C-9F2B-896F234BB81C/HelloCordova.app/www/index.html#/aboutCompany/company
2014-06-01 19:56:15.266 HelloCordova[10022:80b] THREAD WARNING: ['NetworkStatus'] took '1398.739014' ms. Plugin should use a background thread.
2014-06-01 19:56:49.064 HelloCordova[10022:80b] THREAD WARNING: ['EmailComposer'] took '17.934082' ms. Plugin should use a background thread.
objc[10458]: Class AXEmojiUtilities is implemented in both /Applications/Xcode.app/Contents/Developer/Platforms/iPhoneSimulator.platform/Developer/SDKs/iPhoneSimulator7.0.sdk/System/Library/PrivateFrameworks/AccessibilityUtilities.framework/AccessibilityUtilities and /Applications/Xcode.app/Contents/Developer/Platforms/iPhoneSimulator.platform/Developer/SDKs/iPhoneSimulator7.0.sdk/usr/lib/libAXSpeechManager.dylib. One of the two will be used. Which one is undefined.
2014-06-01 20:05:21.737 HelloCordova[10458:80b] Cannot find executable for CFBundle 0xc2788f0 </Applications/Xcode.app/Contents/Developer/Platforms/iPhoneSimulator.platform/Developer/SDKs/iPhoneSimulator7.0.sdk/System/Library/AccessibilityBundles/GeoServices.axbundle> (not loaded)
2014-06-01 20:05:21.745 HelloCordova[10458:80b] Cannot find executable for CFBundle 0xbb7b3c0 </Applications/Xcode.app/Contents/Developer/Platforms/iPhoneSimulator.platform/Developer/SDKs/iPhoneSimulator7.0.sdk/System/Library/AccessibilityBundles/MusicLibrary.axbundle> (not loaded)
2014-06-01 20:05:21.759 HelloCordova[10458:80b] Cannot find executable for CFBundle 0xbfb4a60 </Applications/Xcode.app/Contents/Developer/Platforms/iPhoneSimulator.platform/Developer/SDKs/iPhoneSimulator7.0.sdk/System/Library/AccessibilityBundles/CertUIFramework.axbundle> (not loaded)
2014-06-01 20:05:21.806 HelloCordova[10458:80b] Multi-tasking -> Device: YES, App: YES
2014-06-01 20:05:21.824 HelloCordova[10458:80b] Unlimited access to network resources
2014-06-01 20:05:22.125 HelloCordova[10458:80b] CDVPlugin class CDVStatusBar (pluginName: statusbar) does not exist.
2014-06-01 20:05:22.125 HelloCordova[10458:80b] [CDVTimer][statusbar] 0.450969ms
2014-06-01 20:05:22.126 HelloCordova[10458:80b] [CDVTimer][TotalPluginStartup] 0.805020ms
2014-06-01 20:05:22.284 HelloCordova[10458:80b] Resetting plugins due to page load.
2014-06-01 20:05:22.910 HelloCordova[10458:80b] Finished load of: file:///Users/roy/Library/Application%20Support/iPhone%20Simulator/7.0.3/Applications/55372B4B-582B-4A1C-9F2B-896F234BB81C/HelloCordova.app/www/index.html
2014-06-01 20:05:25.544 HelloCordova[10458:80b] THREAD WARNING: ['NetworkStatus'] took '2606.959961' ms. Plugin should use a background thread.
2014-06-01 20:05:28.446 HelloCordova[10458:80b] THREAD WARNING: ['Notification'] took '63.270264' ms. Plugin should use a background thread.
2014-06-01 20:05:32.503 HelloCordova[10458:80b] UIAlertSheetTextField -webView called. This method is no longer supported with the new text architecture
2014-06-01 20:05:36.455 HelloCordova[10458:80b] *** Assertion failure in -[UIApplication runModal:](), /SourceCache/UIKit_Sim/UIKit-2903.23/UIApplication.m:9465
2014-06-01 20:05:36.460 HelloCordova[10458:80b] *** WebKit discarded an uncaught exception in the webView:runJavaScriptAlertPanelWithMessage:initiatedByFrame: delegate: <NSInternalInconsistencyException> The view passed in does not have a window.
objc[10870]: Class AXEmojiUtilities is implemented in both /Applications/Xcode.app/Contents/Developer/Platforms/iPhoneSimulator.platform/Developer/SDKs/iPhoneSimulator7.0.sdk/System/Library/PrivateFrameworks/AccessibilityUtilities.framework/AccessibilityUtilities and /Applications/Xcode.app/Contents/Developer/Platforms/iPhoneSimulator.platform/Developer/SDKs/iPhoneSimulator7.0.sdk/usr/lib/libAXSpeechManager.dylib. One of the two will be used. Which one is undefined.
2014-06-01 20:07:00.784 HelloCordova[10870:80b] Cannot find executable for CFBundle 0xbc3d970 </Applications/Xcode.app/Contents/Developer/Platforms/iPhoneSimulator.platform/Developer/SDKs/iPhoneSimulator7.0.sdk/System/Library/AccessibilityBundles/MusicLibrary.axbundle> (not loaded)
2014-06-01 20:07:00.790 HelloCordova[10870:80b] Cannot find executable for CFBundle 0xc525c20 </Applications/Xcode.app/Contents/Developer/Platforms/iPhoneSimulator.platform/Developer/SDKs/iPhoneSimulator7.0.sdk/System/Library/AccessibilityBundles/GeoServices.axbundle> (not loaded)
2014-06-01 20:07:00.809 HelloCordova[10870:80b] Cannot find executable for CFBundle 0xbe37440 </Applications/Xcode.app/Contents/Developer/Platforms/iPhoneSimulator.platform/Developer/SDKs/iPhoneSimulator7.0.sdk/System/Library/AccessibilityBundles/CertUIFramework.axbundle> (not loaded)
2014-06-01 20:07:00.886 HelloCordova[10870:80b] Multi-tasking -> Device: YES, App: YES
2014-06-01 20:07:00.891 HelloCordova[10870:80b] Unlimited access to network resources
2014-06-01 20:07:01.048 HelloCordova[10870:80b] CDVPlugin class CDVStatusBar (pluginName: statusbar) does not exist.
2014-06-01 20:07:01.048 HelloCordova[10870:80b] [CDVTimer][statusbar] 0.396013ms
2014-06-01 20:07:01.048 HelloCordova[10870:80b] [CDVTimer][TotalPluginStartup] 0.762999ms
2014-06-01 20:07:01.244 HelloCordova[10870:80b] Resetting plugins due to page load.
2014-06-01 20:07:01.958 HelloCordova[10870:80b] Finished load of: file:///Users/roy/Library/Application%20Support/iPhone%20Simulator/7.0.3/Applications/55372B4B-582B-4A1C-9F2B-896F234BB81C/HelloCordova.app/www/index.html#/aboutCompany/company
2014-06-01 20:07:04.466 HelloCordova[10870:80b] THREAD WARNING: ['NetworkStatus'] took '2399.061768' ms. Plugin should use a background thread.
2014-06-01 20:07:08.058 HelloCordova[10870:80b] THREAD WARNING: ['Notification'] took '62.576904' ms. Plugin should use a background thread.
2014-06-01 20:07:09.257 HelloCordova[10870:80b] *** Assertion failure in -[UIApplication runModal:](), /SourceCache/UIKit_Sim/UIKit-2903.23/UIApplication.m:9465
2014-06-01 20:07:09.261 HelloCordova[10870:80b] *** WebKit discarded an uncaught exception in the webView:runJavaScriptAlertPanelWithMessage:initiatedByFrame: delegate: <NSInternalInconsistencyException> The view passed in does not have a window.
2014-06-01 20:07:23.585 HelloCordova[10870:80b] Felicitaciones :P
2014-06-01 20:07:23.601 HelloCordova[10870:80b] THREAD WARNING: ['EmailComposer'] took '14.913086' ms. Plugin should use a background thread.
objc[11454]: Class AXEmojiUtilities is implemented in both /Applications/Xcode.app/Contents/Developer/Platforms/iPhoneSimulator.platform/Developer/SDKs/iPhoneSimulator7.0.sdk/System/Library/PrivateFrameworks/AccessibilityUtilities.framework/AccessibilityUtilities and /Applications/Xcode.app/Contents/Developer/Platforms/iPhoneSimulator.platform/Developer/SDKs/iPhoneSimulator7.0.sdk/usr/lib/libAXSpeechManager.dylib. One of the two will be used. Which one is undefined.
2014-06-01 22:50:10.356 HelloCordova[11454:80b] Cannot find executable for CFBundle 0xbf74d20 </Applications/Xcode.app/Contents/Developer/Platforms/iPhoneSimulator.platform/Developer/SDKs/iPhoneSimulator7.0.sdk/System/Library/AccessibilityBundles/GeoServices.axbundle> (not loaded)
2014-06-01 22:50:10.373 HelloCordova[11454:80b] Cannot find executable for CFBundle 0xbb8e490 </Applications/Xcode.app/Contents/Developer/Platforms/iPhoneSimulator.platform/Developer/SDKs/iPhoneSimulator7.0.sdk/System/Library/AccessibilityBundles/CertUIFramework.axbundle> (not loaded)
2014-06-01 22:50:10.380 HelloCordova[11454:80b] Cannot find executable for CFBundle 0xbca0ad0 </Applications/Xcode.app/Contents/Developer/Platforms/iPhoneSimulator.platform/Developer/SDKs/iPhoneSimulator7.0.sdk/System/Library/AccessibilityBundles/MusicLibrary.axbundle> (not loaded)
2014-06-01 22:50:10.446 HelloCordova[11454:80b] Multi-tasking -> Device: YES, App: YES
2014-06-01 22:50:10.466 HelloCordova[11454:80b] Unlimited access to network resources
2014-06-01 22:50:10.574 HelloCordova[11454:80b] CDVPlugin class CDVStatusBar (pluginName: statusbar) does not exist.
2014-06-01 22:50:10.575 HelloCordova[11454:80b] [CDVTimer][statusbar] 0.456989ms
2014-06-01 22:50:10.575 HelloCordova[11454:80b] [CDVTimer][TotalPluginStartup] 0.850976ms
2014-06-01 22:50:10.731 HelloCordova[11454:80b] Resetting plugins due to page load.
2014-06-01 22:50:11.055 HelloCordova[11454:80b] Finished load of: file:///Users/roy/Library/Application%20Support/iPhone%20Simulator/7.0.3/Applications/55372B4B-582B-4A1C-9F2B-896F234BB81C/HelloCordova.app/www/index.html
2014-06-01 22:50:13.184 HelloCordova[11454:80b] THREAD WARNING: ['NetworkStatus'] took '2105.115967' ms. Plugin should use a background thread.
2014-06-01 22:50:16.219 HelloCordova[11454:80b] THREAD WARNING: ['Notification'] took '70.722900' ms. Plugin should use a background thread.
2014-06-01 22:50:18.999 HelloCordova[11454:80b] *** Assertion failure in -[UIApplication runModal:](), /SourceCache/UIKit_Sim/UIKit-2903.23/UIApplication.m:9465
2014-06-01 22:50:19.015 HelloCordova[11454:80b] *** WebKit discarded an uncaught exception in the webView:runJavaScriptAlertPanelWithMessage:initiatedByFrame: delegate: <NSInternalInconsistencyException> The view passed in does not have a window.
objc[11833]: Class AXEmojiUtilities is implemented in both /Applications/Xcode.app/Contents/Developer/Platforms/iPhoneSimulator.platform/Developer/SDKs/iPhoneSimulator7.0.sdk/System/Library/PrivateFrameworks/AccessibilityUtilities.framework/AccessibilityUtilities and /Applications/Xcode.app/Contents/Developer/Platforms/iPhoneSimulator.platform/Developer/SDKs/iPhoneSimulator7.0.sdk/usr/lib/libAXSpeechManager.dylib. One of the two will be used. Which one is undefined.
2014-06-01 22:53:01.340 HelloCordova[11833:80b] Cannot find executable for CFBundle 0xbd3fac0 </Applications/Xcode.app/Contents/Developer/Platforms/iPhoneSimulator.platform/Developer/SDKs/iPhoneSimulator7.0.sdk/System/Library/AccessibilityBundles/GeoServices.axbundle> (not loaded)
2014-06-01 22:53:01.356 HelloCordova[11833:80b] Cannot find executable for CFBundle 0xbb3b340 </Applications/Xcode.app/Contents/Developer/Platforms/iPhoneSimulator.platform/Developer/SDKs/iPhoneSimulator7.0.sdk/System/Library/AccessibilityBundles/CertUIFramework.axbundle> (not loaded)
2014-06-01 22:53:01.363 HelloCordova[11833:80b] Cannot find executable for CFBundle 0xbb3e120 </Applications/Xcode.app/Contents/Developer/Platforms/iPhoneSimulator.platform/Developer/SDKs/iPhoneSimulator7.0.sdk/System/Library/AccessibilityBundles/MusicLibrary.axbundle> (not loaded)
2014-06-01 22:53:01.441 HelloCordova[11833:80b] Multi-tasking -> Device: YES, App: YES
2014-06-01 22:53:01.446 HelloCordova[11833:80b] Unlimited access to network resources
2014-06-01 22:53:01.464 HelloCordova[11833:80b] CDVPlugin class CDVStatusBar (pluginName: statusbar) does not exist.
2014-06-01 22:53:01.464 HelloCordova[11833:80b] [CDVTimer][statusbar] 0.437975ms
2014-06-01 22:53:01.465 HelloCordova[11833:80b] [CDVTimer][TotalPluginStartup] 0.769019ms
2014-06-01 22:53:01.493 HelloCordova[11833:80b] Resetting plugins due to page load.
2014-06-01 22:53:01.795 HelloCordova[11833:80b] Finished load of: file:///Users/roy/Library/Application%20Support/iPhone%20Simulator/7.0.3/Applications/55372B4B-582B-4A1C-9F2B-896F234BB81C/HelloCordova.app/www/index.html#/aboutCompany/company
2014-06-01 22:54:15.666 HelloCordova[11833:80b] THREAD WARNING: ['NetworkStatus'] took '73811.135010' ms. Plugin should use a background thread.
2014-06-01 22:54:15.668 HelloCordova[11833:3f0b] void SendDelegateMessage(NSInvocation *): delegate (webView:decidePolicyForNavigationAction:request:frame:decisionListener:) failed to return after waiting 10 seconds. main run loop mode: kCFRunLoopDefaultMode
2014-06-01 22:54:18.869 HelloCordova[11833:80b] THREAD WARNING: ['Notification'] took '34.331055' ms. Plugin should use a background thread.
2014-06-01 22:54:20.178 HelloCordova[11833:80b] *** Assertion failure in -[UIApplication runModal:](), /SourceCache/UIKit_Sim/UIKit-2903.23/UIApplication.m:9465
2014-06-01 22:54:20.179 HelloCordova[11833:80b] *** WebKit discarded an uncaught exception in the webView:runJavaScriptAlertPanelWithMessage:initiatedByFrame: delegate: <NSInternalInconsistencyException> The view passed in does not have a window.
2014-06-01 22:54:45.550 HelloCordova[11833:80b] Felicitaciones :P
2014-06-01 22:54:45.578 HelloCordova[11833:80b] THREAD WARNING: ['EmailComposer'] took '27.756104' ms. Plugin should use a background thread.
objc[12247]: Class AXEmojiUtilities is implemented in both /Applications/Xcode.app/Contents/Developer/Platforms/iPhoneSimulator.platform/Developer/SDKs/iPhoneSimulator7.0.sdk/System/Library/PrivateFrameworks/AccessibilityUtilities.framework/AccessibilityUtilities and /Applications/Xcode.app/Contents/Developer/Platforms/iPhoneSimulator.platform/Developer/SDKs/iPhoneSimulator7.0.sdk/usr/lib/libAXSpeechManager.dylib. One of the two will be used. Which one is undefined.
2014-06-01 22:58:52.735 HelloCordova[12247:80b] Cannot find executable for CFBundle 0xbf28660 </Applications/Xcode.app/Contents/Developer/Platforms/iPhoneSimulator.platform/Developer/SDKs/iPhoneSimulator7.0.sdk/System/Library/AccessibilityBundles/MusicLibrary.axbundle> (not loaded)
2014-06-01 22:58:52.759 HelloCordova[12247:80b] Cannot find executable for CFBundle 0xbf31f80 </Applications/Xcode.app/Contents/Developer/Platforms/iPhoneSimulator.platform/Developer/SDKs/iPhoneSimulator7.0.sdk/System/Library/AccessibilityBundles/GeoServices.axbundle> (not loaded)
2014-06-01 22:58:52.785 HelloCordova[12247:80b] Cannot find executable for CFBundle 0xbf73a80 </Applications/Xcode.app/Contents/Developer/Platforms/iPhoneSimulator.platform/Developer/SDKs/iPhoneSimulator7.0.sdk/System/Library/AccessibilityBundles/CertUIFramework.axbundle> (not loaded)
2014-06-01 22:58:52.890 HelloCordova[12247:80b] Multi-tasking -> Device: YES, App: YES
2014-06-01 22:58:52.922 HelloCordova[12247:80b] Unlimited access to network resources
2014-06-01 22:58:53.196 HelloCordova[12247:80b] CDVPlugin class CDVStatusBar (pluginName: statusbar) does not exist.
2014-06-01 22:58:53.196 HelloCordova[12247:80b] [CDVTimer][statusbar] 0.551999ms
2014-06-01 22:58:53.197 HelloCordova[12247:80b] [CDVTimer][TotalPluginStartup] 0.997961ms
2014-06-01 22:58:53.363 HelloCordova[12247:80b] Resetting plugins due to page load.
2014-06-01 22:58:53.859 HelloCordova[12247:80b] Finished load of: file:///Users/roy/Library/Application%20Support/iPhone%20Simulator/7.0.3/Applications/55372B4B-582B-4A1C-9F2B-896F234BB81C/HelloCordova.app/www/index.html#/aboutCompany/company
2014-06-01 22:58:56.645 HelloCordova[12247:80b] THREAD WARNING: ['NetworkStatus'] took '2747.530762' ms. Plugin should use a background thread.
2014-06-01 22:58:59.244 HelloCordova[12247:80b] THREAD WARNING: ['Notification'] took '104.471924' ms. Plugin should use a background thread.
2014-06-01 22:59:00.361 HelloCordova[12247:80b] THREAD WARNING: ['Notification'] took '19.819824' ms. Plugin should use a background thread.
2014-06-01 22:59:01.612 HelloCordova[12247:80b] *** Assertion failure in -[UIApplication runModal:](), /SourceCache/UIKit_Sim/UIKit-2903.23/UIApplication.m:9465
2014-06-01 22:59:01.643 HelloCordova[12247:80b] *** WebKit discarded an uncaught exception in the webView:runJavaScriptAlertPanelWithMessage:initiatedByFrame: delegate: <NSInternalInconsistencyException> The view passed in does not have a window.
2014-06-01 22:59:27.978 HelloCordova[12247:80b] Felicitaciones :P
2014-06-01 22:59:28.003 HelloCordova[12247:80b] THREAD WARNING: ['EmailComposer'] took '24.257080' ms. Plugin should use a background thread.
objc[12656]: Class AXEmojiUtilities is implemented in both /Applications/Xcode.app/Contents/Developer/Platforms/iPhoneSimulator.platform/Developer/SDKs/iPhoneSimulator7.0.sdk/System/Library/PrivateFrameworks/AccessibilityUtilities.framework/AccessibilityUtilities and /Applications/Xcode.app/Contents/Developer/Platforms/iPhoneSimulator.platform/Developer/SDKs/iPhoneSimulator7.0.sdk/usr/lib/libAXSpeechManager.dylib. One of the two will be used. Which one is undefined.
2014-06-01 23:08:11.038 HelloCordova[12656:80b] Cannot find executable for CFBundle 0x11a918c0 </Applications/Xcode.app/Contents/Developer/Platforms/iPhoneSimulator.platform/Developer/SDKs/iPhoneSimulator7.0.sdk/System/Library/AccessibilityBundles/MusicLibrary.axbundle> (not loaded)
2014-06-01 23:08:11.045 HelloCordova[12656:80b] Cannot find executable for CFBundle 0xcb6de30 </Applications/Xcode.app/Contents/Developer/Platforms/iPhoneSimulator.platform/Developer/SDKs/iPhoneSimulator7.0.sdk/System/Library/AccessibilityBundles/GeoServices.axbundle> (not loaded)
2014-06-01 23:08:11.151 HelloCordova[12656:80b] Cannot find executable for CFBundle 0xbc5d610 </Applications/Xcode.app/Contents/Developer/Platforms/iPhoneSimulator.platform/Developer/SDKs/iPhoneSimulator7.0.sdk/System/Library/AccessibilityBundles/CertUIFramework.axbundle> (not loaded)
2014-06-01 23:08:11.276 HelloCordova[12656:80b] Multi-tasking -> Device: YES, App: YES
2014-06-01 23:08:11.285 HelloCordova[12656:80b] Unlimited access to network resources
2014-06-01 23:08:11.306 HelloCordova[12656:80b] CDVPlugin class CDVStatusBar (pluginName: statusbar) does not exist.
2014-06-01 23:08:11.306 HelloCordova[12656:80b] [CDVTimer][statusbar] 0.533998ms
2014-06-01 23:08:11.307 HelloCordova[12656:80b] [CDVTimer][TotalPluginStartup] 1.020014ms
2014-06-01 23:08:11.343 HelloCordova[12656:80b] Resetting plugins due to page load.
2014-06-01 23:08:11.543 HelloCordova[12656:80b] Finished load of: file:///Users/roy/Library/Application%20Support/iPhone%20Simulator/7.0.3/Applications/55372B4B-582B-4A1C-9F2B-896F234BB81C/HelloCordova.app/www/index.html
2014-06-01 23:09:12.541 HelloCordova[12656:80b] THREAD WARNING: ['NetworkStatus'] took '60972.947754' ms. Plugin should use a background thread.
2014-06-01 23:09:12.544 HelloCordova[12656:3f0b] void SendDelegateMessage(NSInvocation *): delegate (webView:decidePolicyForNavigationAction:request:frame:decisionListener:) failed to return after waiting 10 seconds. main run loop mode: kCFRunLoopDefaultMode
2014-06-01 23:09:14.772 HelloCordova[12656:80b] THREAD WARNING: ['Notification'] took '36.827148' ms. Plugin should use a background thread.
2014-06-01 23:09:16.199 HelloCordova[12656:80b] *** Assertion failure in -[UIApplication runModal:](), /SourceCache/UIKit_Sim/UIKit-2903.23/UIApplication.m:9465
2014-06-01 23:09:16.200 HelloCordova[12656:80b] *** WebKit discarded an uncaught exception in the webView:runJavaScriptAlertPanelWithMessage:initiatedByFrame: delegate: <NSInternalInconsistencyException> The view passed in does not have a window.
objc[13237]: Class AXEmojiUtilities is implemented in both /Applications/Xcode.app/Contents/Developer/Platforms/iPhoneSimulator.platform/Developer/SDKs/iPhoneSimulator7.0.sdk/System/Library/PrivateFrameworks/AccessibilityUtilities.framework/AccessibilityUtilities and /Applications/Xcode.app/Contents/Developer/Platforms/iPhoneSimulator.platform/Developer/SDKs/iPhoneSimulator7.0.sdk/usr/lib/libAXSpeechManager.dylib. One of the two will be used. Which one is undefined.
2014-06-01 23:11:45.357 HelloCordova[13237:80b] Cannot find executable for CFBundle 0xbc54ed0 </Applications/Xcode.app/Contents/Developer/Platforms/iPhoneSimulator.platform/Developer/SDKs/iPhoneSimulator7.0.sdk/System/Library/AccessibilityBundles/GeoServices.axbundle> (not loaded)
2014-06-01 23:11:45.481 HelloCordova[13237:80b] Cannot find executable for CFBundle 0xc27afe0 </Applications/Xcode.app/Contents/Developer/Platforms/iPhoneSimulator.platform/Developer/SDKs/iPhoneSimulator7.0.sdk/System/Library/AccessibilityBundles/CertUIFramework.axbundle> (not loaded)
2014-06-01 23:11:45.597 HelloCordova[13237:80b] Cannot find executable for CFBundle 0xbd8be40 </Applications/Xcode.app/Contents/Developer/Platforms/iPhoneSimulator.platform/Developer/SDKs/iPhoneSimulator7.0.sdk/System/Library/AccessibilityBundles/MusicLibrary.axbundle> (not loaded)
2014-06-01 23:11:45.840 HelloCordova[13237:80b] Multi-tasking -> Device: YES, App: YES
2014-06-01 23:11:45.985 HelloCordova[13237:80b] Unlimited access to network resources
2014-06-01 23:11:46.505 HelloCordova[13237:80b] CDVPlugin class CDVStatusBar (pluginName: statusbar) does not exist.
2014-06-01 23:11:46.507 HelloCordova[13237:80b] [CDVTimer][statusbar] 2.059996ms
2014-06-01 23:11:46.509 HelloCordova[13237:80b] [CDVTimer][TotalPluginStartup] 4.072964ms
2014-06-01 23:11:47.569 HelloCordova[13237:80b] Resetting plugins due to page load.
2014-06-01 23:11:50.035 HelloCordova[13237:80b] Finished load of: file:///Users/roy/Library/Application%20Support/iPhone%20Simulator/7.0.3/Applications/55372B4B-582B-4A1C-9F2B-896F234BB81C/HelloCordova.app/www/index.html#/aboutCompany/company
2014-06-01 23:11:55.608 HelloCordova[13237:80b] THREAD WARNING: ['NetworkStatus'] took '5268.213379' ms. Plugin should use a background thread.
2014-06-01 23:12:03.577 HelloCordova[13237:80b] THREAD WARNING: ['Notification'] took '447.685791' ms. Plugin should use a background thread.
2014-06-01 23:12:06.373 HelloCordova[13237:80b] THREAD WARNING: ['Notification'] took '35.597900' ms. Plugin should use a background thread.
2014-06-01 23:12:08.496 HelloCordova[13237:80b] *** Assertion failure in -[UIApplication runModal:](), /SourceCache/UIKit_Sim/UIKit-2903.23/UIApplication.m:9465
2014-06-01 23:12:08.555 HelloCordova[13237:80b] *** WebKit discarded an uncaught exception in the webView:runJavaScriptAlertPanelWithMessage:initiatedByFrame: delegate: <NSInternalInconsistencyException> The view passed in does not have a window.
2014-06-01 23:13:15.382 HelloCordova[13237:80b] Felicitaciones :P
2014-06-01 23:13:15.520 HelloCordova[13237:80b] THREAD WARNING: ['EmailComposer'] took '137.051270' ms. Plugin should use a background thread.
objc[17675]: Class AXEmojiUtilities is implemented in both /Applications/Xcode.app/Contents/Developer/Platforms/iPhoneSimulator.platform/Developer/SDKs/iPhoneSimulator7.0.sdk/System/Library/PrivateFrameworks/AccessibilityUtilities.framework/AccessibilityUtilities and /Applications/Xcode.app/Contents/Developer/Platforms/iPhoneSimulator.platform/Developer/SDKs/iPhoneSimulator7.0.sdk/usr/lib/libAXSpeechManager.dylib. One of the two will be used. Which one is undefined.
2014-06-03 14:40:52.682 HelloCordova[17675:80b] Cannot find executable for CFBundle 0xc1b9d00 </Applications/Xcode.app/Contents/Developer/Platforms/iPhoneSimulator.platform/Developer/SDKs/iPhoneSimulator7.0.sdk/System/Library/AccessibilityBundles/GeoServices.axbundle> (not loaded)
2014-06-03 14:40:52.694 HelloCordova[17675:80b] Cannot find executable for CFBundle 0xbf920c0 </Applications/Xcode.app/Contents/Developer/Platforms/iPhoneSimulator.platform/Developer/SDKs/iPhoneSimulator7.0.sdk/System/Library/AccessibilityBundles/MusicLibrary.axbundle> (not loaded)
2014-06-03 14:40:52.732 HelloCordova[17675:80b] Cannot find executable for CFBundle 0xbd80c60 </Applications/Xcode.app/Contents/Developer/Platforms/iPhoneSimulator.platform/Developer/SDKs/iPhoneSimulator7.0.sdk/System/Library/AccessibilityBundles/CertUIFramework.axbundle> (not loaded)
2014-06-03 14:40:52.804 HelloCordova[17675:80b] Multi-tasking -> Device: YES, App: YES
2014-06-03 14:40:52.821 HelloCordova[17675:80b] Unlimited access to network resources
2014-06-03 14:40:52.897 HelloCordova[17675:80b] CDVPlugin class CDVStatusBar (pluginName: statusbar) does not exist.
2014-06-03 14:40:52.897 HelloCordova[17675:80b] [CDVTimer][statusbar] 0.678003ms
2014-06-03 14:40:52.898 HelloCordova[17675:80b] [CDVTimer][TotalPluginStartup] 1.267016ms
2014-06-03 14:40:53.022 HelloCordova[17675:80b] Resetting plugins due to page load.
2014-06-03 14:41:05.142 HelloCordova[17675:80b] THREAD WARNING: ['NetworkStatus'] took '9895.726807' ms. Plugin should use a background thread.
2014-06-03 14:41:09.140 HelloCordova[17675:80b] THREAD WARNING: ['Notification'] took '1095.525879' ms. Plugin should use a background thread.
2014-06-03 14:41:10.880 HelloCordova[17675:80b] THREAD WARNING: ['Notification'] took '225.781738' ms. Plugin should use a background thread.
2014-06-03 14:41:11.350 HelloCordova[17675:80b] Finished load of: file:///Users/roy/Library/Application%20Support/iPhone%20Simulator/7.0.3/Applications/55372B4B-582B-4A1C-9F2B-896F234BB81C/HelloCordova.app/www/index.html#/aboutCompany/company
2014-06-03 14:41:17.179 HelloCordova[17675:80b] UIAlertSheetTextField -webView called. This method is no longer supported with the new text architecture
2014-06-03 14:41:29.544 HelloCordova[17675:80b] *** Assertion failure in -[UIApplication runModal:](), /SourceCache/UIKit_Sim/UIKit-2903.23/UIApplication.m:9465
2014-06-03 14:41:29.623 HelloCordova[17675:80b] *** WebKit discarded an uncaught exception in the webView:runJavaScriptAlertPanelWithMessage:initiatedByFrame: delegate: <NSInternalInconsistencyException> The view passed in does not have a window.
2014-06-03 14:41:51.049 HelloCordova[17675:80b] Felicitaciones :P (Mail Sended)
2014-06-03 14:41:51.101 HelloCordova[17675:80b] THREAD WARNING: ['EmailComposer'] took '51.845215' ms. Plugin should use a background thread.
